<?xml version="1.0" encoding="UTF-8"?>
<!-- Generated by org.testng.reporters.JUnitReportReporter -->
<testsuite hostname="retina.dellroad.org" name="org.jsimpledb.kv.leveldb.LevelDBKVStoreTest" tests="1" failures="0" timestamp="31 May 2015 06:00:36 GMT" time="8.592" errors="0">
  <testcase name="testLevelDBKVStore" time="8.592" classname="org.jsimpledb.kv.leveldb.LevelDBKVStoreTest"/>
</testsuite> <!-- org.jsimpledb.kv.leveldb.LevelDBKVStoreTest -->
