<?xml version="1.0" encoding="UTF-8"?>
<!-- Generated by org.testng.reporters.JUnitReportReporter -->
<testsuite hostname="retina.dellroad.org" name="org.jsimpledb.OnCreateTest" tests="2" failures="0" timestamp="31 May 2015 06:00:36 GMT" time="0.020" errors="0">
  <testcase name="testOnCreate1" time="0.008" classname="org.jsimpledb.OnCreateTest"/>
  <testcase name="testOnCreate2" time="0.012" classname="org.jsimpledb.OnCreateTest"/>
</testsuite> <!-- org.jsimpledb.OnCreateTest -->
