<?xml version="1.0" encoding="UTF-8"?>
<!-- Generated by org.testng.reporters.JUnitReportReporter -->
<testsuite hostname="retina.dellroad.org" name="org.jsimpledb.EnumFieldTest" tests="3" failures="0" timestamp="31 May 2015 06:00:36 GMT" time="0.019" errors="0">
  <testcase name="testFindEnum" time="0.000" classname="org.jsimpledb.EnumFieldTest"/>
  <testcase name="testEnumConflict" time="0.004" classname="org.jsimpledb.EnumFieldTest"/>
  <testcase name="testEnumFieldUpgrade" time="0.015" classname="org.jsimpledb.EnumFieldTest"/>
</testsuite> <!-- org.jsimpledb.EnumFieldTest -->
