<?xml version="1.0" encoding="UTF-8"?>
<!-- Generated by org.testng.reporters.JUnitReportReporter -->
<testsuite hostname="retina.dellroad.org" name="org.jsimpledb.UniqueConstraintTest" tests="1" failures="0" timestamp="31 May 2015 06:00:36 GMT" time="0.077" errors="0">
  <testcase name="testUniqueConstraint" time="0.077" classname="org.jsimpledb.UniqueConstraintTest"/>
</testsuite> <!-- org.jsimpledb.UniqueConstraintTest -->
