<?xml version="1.0" encoding="UTF-8"?>
<!-- Generated by org.testng.reporters.JUnitReportReporter -->
<testsuite hostname="retina.dellroad.org" name="org.jsimpledb.ReferencePathTest" tests="19" failures="0" timestamp="31 May 2015 06:00:36 GMT" time="0.194" errors="0">
  <testcase name="testReferencePath" time="0.010" classname="org.jsimpledb.ReferencePathTest"/>
  <testcase name="testReferencePath" time="0.012" classname="org.jsimpledb.ReferencePathTest"/>
  <testcase name="testReferencePath" time="0.010" classname="org.jsimpledb.ReferencePathTest"/>
  <testcase name="testReferencePath" time="0.012" classname="org.jsimpledb.ReferencePathTest"/>
  <testcase name="testReferencePath" time="0.010" classname="org.jsimpledb.ReferencePathTest"/>
  <testcase name="testReferencePath" time="0.009" classname="org.jsimpledb.ReferencePathTest"/>
  <testcase name="testReferencePath" time="0.011" classname="org.jsimpledb.ReferencePathTest"/>
  <testcase name="testReferencePath" time="0.011" classname="org.jsimpledb.ReferencePathTest"/>
  <testcase name="testReferencePath" time="0.009" classname="org.jsimpledb.ReferencePathTest"/>
  <testcase name="testReferencePath" time="0.010" classname="org.jsimpledb.ReferencePathTest"/>
  <testcase name="testReferencePath" time="0.010" classname="org.jsimpledb.ReferencePathTest"/>
  <testcase name="testReferencePath" time="0.011" classname="org.jsimpledb.ReferencePathTest"/>
  <testcase name="testReferencePath" time="0.010" classname="org.jsimpledb.ReferencePathTest"/>
  <testcase name="testReferencePath" time="0.010" classname="org.jsimpledb.ReferencePathTest"/>
  <testcase name="testReferencePath" time="0.009" classname="org.jsimpledb.ReferencePathTest"/>
  <testcase name="testReferencePath" time="0.010" classname="org.jsimpledb.ReferencePathTest"/>
  <testcase name="testReferencePath" time="0.010" classname="org.jsimpledb.ReferencePathTest"/>
  <testcase name="testReferencePath" time="0.010" classname="org.jsimpledb.ReferencePathTest"/>
  <testcase name="testReferencePath" time="0.010" classname="org.jsimpledb.ReferencePathTest"/>
</testsuite> <!-- org.jsimpledb.ReferencePathTest -->
