<?xml version="1.0" encoding="UTF-8"?>
<!-- Generated by org.testng.reporters.JUnitReportReporter -->
<testsuite hostname="retina.dellroad.org" name="org.jsimpledb.spring.SimpleSpringTest" tests="2" failures="0" timestamp="31 May 2015 06:00:36 GMT" time="0.051" errors="0">
  <testcase name="testFilter" time="0.001" classname="org.jsimpledb.spring.SimpleSpringTest"/>
  <testcase name="testSpring" time="0.050" classname="org.jsimpledb.spring.SimpleSpringTest"/>
</testsuite> <!-- org.jsimpledb.spring.SimpleSpringTest -->
