<?xml version="1.0" encoding="UTF-8"?>
<!-- Generated by org.testng.reporters.JUnitReportReporter -->
<testsuite hostname="retina.dellroad.org" name="org.jsimpledb.RawTypeTest" tests="1" failures="0" timestamp="31 May 2015 06:00:36 GMT" time="0.010" errors="0">
  <testcase name="testRawType" time="0.010" classname="org.jsimpledb.RawTypeTest"/>
</testsuite> <!-- org.jsimpledb.RawTypeTest -->
