<?xml version="1.0" encoding="UTF-8"?>
<!-- Generated by org.testng.reporters.JUnitReportReporter -->
<testsuite hostname="retina.dellroad.org" name="org.jsimpledb.kv.KeyRangeTest" tests="5" failures="0" timestamp="31 May 2015 06:00:36 GMT" time="0.001" errors="0">
  <testcase name="testFull" time="0.001" classname="org.jsimpledb.kv.KeyRangeTest"/>
  <testcase name="testPrefix4" time="0.000" classname="org.jsimpledb.kv.KeyRangeTest"/>
  <testcase name="testPrefix1" time="0.000" classname="org.jsimpledb.kv.KeyRangeTest"/>
  <testcase name="testPrefix2" time="0.000" classname="org.jsimpledb.kv.KeyRangeTest"/>
  <testcase name="testPrefix3" time="0.000" classname="org.jsimpledb.kv.KeyRangeTest"/>
</testsuite> <!-- org.jsimpledb.kv.KeyRangeTest -->
